2020-01-27 | 888198
2020-01-27 | 6984824
2020-01-27 | 7321640
2020-01-28 | 1469289
2020-01-28 | 2476186
2020-01-28 | 3230379
2020-01-28 | 7171449
2020-01-28 | 7383925
2020-02-13 | 9017508
2020-02-13 | 952905
2020-02-13 | 3268456
2020-02-13 | 5784906
2020-02-13 | 8723080
2020-02-13 | 2264757
2020-02-13 | 2907435
2020-02-13 | 7631198
2020-02-13 | 6597202
2020-02-13 | 8971123
2020-02-13 | 363300
2020-02-13 | 6159725
2020-02-13 | 2275004
2020-02-28 | 1103808
2020-02-28 | 4491849
2020-02-28 | 7046122
2020-02-28 | 8599339
2020-02-28 | 1924724
2020-02-28 | 7130320
2020-02-28 | 8962700
2020-02-28 | 4100150
2020-03-18 | 7802241
2020-03-18 | 7938779
2020-03-18 | 299315
2020-03-18 | 7311281
2020-03-18 | 1957773
2020-03-18 | 1423933
2020-03-18 | 7790308
2020-03-18 | 9409995
